0 info it worked if it ends with ok
1 verbose cli [ 'node', '/usr/local/bin/npm', 'install', 'socketio' ]
2 info using npm@1.3.11
3 info using node@v0.10.20
4 warn package.json connect-redis@1.4.5 No repository field.
5 verbose cache add [ 'socketio', null ]
6 verbose cache add name=undefined spec="socketio" args=["socketio",null]
7 verbose parsed url { protocol: null,
7 verbose parsed url   slashes: null,
7 verbose parsed url   auth: null,
7 verbose parsed url   host: null,
7 verbose parsed url   port: null,
7 verbose parsed url   hostname: null,
7 verbose parsed url   hash: null,
7 verbose parsed url   search: null,
7 verbose parsed url   query: null,
7 verbose parsed url   pathname: 'socketio',
7 verbose parsed url   path: 'socketio',
7 verbose parsed url   href: 'socketio' }
8 silly lockFile be461470-socketio socketio
9 verbose lock socketio /Users/vincentweyl/.npm/be461470-socketio.lock
10 silly lockFile be461470-socketio socketio
11 silly lockFile be461470-socketio socketio
12 verbose addNamed [ 'socketio', '' ]
13 verbose addNamed [ null, '*' ]
14 silly lockFile fa004f70-socketio socketio@
15 verbose lock socketio@ /Users/vincentweyl/.npm/fa004f70-socketio.lock
16 silly addNameRange { name: 'socketio', range: '*', hasData: false }
17 verbose url raw socketio
18 verbose url resolving [ 'https://registry.npmjs.org/', './socketio' ]
19 verbose url resolved https://registry.npmjs.org/socketio
20 info trying registry request attempt 1 at 08:36:17
21 http GET https://registry.npmjs.org/socketio
22 http 404 https://registry.npmjs.org/socketio
23 silly registry.get cb [ 404,
23 silly registry.get   { date: 'Wed, 04 Jun 2014 15:36:17 GMT',
23 silly registry.get     server: 'CouchDB/1.5.0 (Erlang OTP/R14B04)',
23 silly registry.get     'content-type': 'application/json',
23 silly registry.get     via: '1.1 varnish',
23 silly registry.get     'cache-control': 'max-age=0',
23 silly registry.get     'content-length': '52',
23 silly registry.get     'accept-ranges': 'bytes',
23 silly registry.get     age: '0',
23 silly registry.get     'x-served-by': 'cache-v37-ASH, cache-lax1434-LAX',
23 silly registry.get     'x-cache': 'MISS, MISS',
23 silly registry.get     'x-cache-hits': '0, 0',
23 silly registry.get     'x-timer': 'S1401896177.695871,VS0,VE76',
23 silly registry.get     'keep-alive': 'timeout=10, max=50',
23 silly registry.get     connection: 'Keep-Alive' } ]
24 silly lockFile fa004f70-socketio socketio@
25 silly lockFile fa004f70-socketio socketio@
26 error 404 'socketio' is not in the npm registry.
26 error 404 You should bug the author to publish it
26 error 404
26 error 404 Note that you can also install from a
26 error 404 tarball, folder, or http url, or git url.
27 error System Darwin 13.2.0
28 error command "node" "/usr/local/bin/npm" "install" "socketio"
29 error cwd /Users/vincentweyl/Desktop/dev/Aptana Studio 3 Workspace/Ideafy-59
30 error node -v v0.10.20
31 error npm -v 1.3.11
32 error code E404
33 verbose exit [ 1, true ]
